<?xml version="1.0" encoding="utf-8"?><testsuites><testsuite name="pytest" errors="0" failures="0" skipped="0" tests="2" time="0.225" timestamp="2021-11-14T13:45:12.806876" hostname="EPRUPETW0176"><testcase classname="tests.test_sample.TestSample" name="test_sum" time="0.004" /><testcase classname="tests.test_sample.TestSample" name="test_sum_tuple" time="0.001" /></testsuite></testsuites>