<?xml version="1.0" encoding="utf-8"?><testsuites><testsuite name="pytest" errors="0" failures="0" skipped="0" tests="2" time="0.157" timestamp="2021-11-14T01:25:56.553542" hostname="EPRUPETW0176"><testcase classname="tests.test_sample.TestSample" name="test_sum" time="0.002" /><testcase classname="tests.test_sample.TestSample" name="test_sum_tuple" time="0.001" /></testsuite></testsuites>