<?xml version="1.0" encoding="utf-8"?><testsuites><testsuite name="pytest" errors="0" failures="0" skipped="0" tests="0" time="0.032" timestamp="2021-11-14T00:39:58.392607" hostname="EPRUPETW0176" /></testsuites>